2020-01-19 12:04:13,948 - Log4JLogChute initialized using file 'velocity.log'
2020-01-19 12:04:13,948 - Initializing Velocity, Calling init()...
2020-01-19 12:04:13,948 - Starting Apache Velocity v1.7 (compiled: 2010-11-19 12:14:37)
2020-01-19 12:04:13,949 - Default Properties File: org\apache\velocity\runtime\defaults\velocity.properties
2020-01-19 12:04:13,949 - Trying to use logger class org.apache.velocity.runtime.log.AvalonLogChute
2020-01-19 12:04:13,949 - Target log system for org.apache.velocity.runtime.log.AvalonLogChute is not available (java.lang.NoClassDefFoundError: org/apache/log/format/Formatter).  Falling back to next log system...
2020-01-19 12:04:13,949 - Trying to use logger class org.apache.velocity.runtime.log.Log4JLogChute
2020-01-19 12:04:13,949 - Using logger class org.apache.velocity.runtime.log.Log4JLogChute
2020-01-19 12:04:13,953 - ResourceLoader instantiated: org.apache.velocity.runtime.resource.loader.ClasspathResourceLoader
2020-01-19 12:04:13,967 - ResourceCache: initialized (class org.apache.velocity.runtime.resource.ResourceCacheImpl) with class java.util.Collections$SynchronizedMap cache map.
2020-01-19 12:04:13,968 - Loaded System Directive: org.apache.velocity.runtime.directive.Stop
2020-01-19 12:04:13,969 - Loaded System Directive: org.apache.velocity.runtime.directive.Define
2020-01-19 12:04:13,969 - Loaded System Directive: org.apache.velocity.runtime.directive.Break
2020-01-19 12:04:13,970 - Loaded System Directive: org.apache.velocity.runtime.directive.Evaluate
2020-01-19 12:04:13,970 - Loaded System Directive: org.apache.velocity.runtime.directive.Literal
2020-01-19 12:04:13,971 - Loaded System Directive: org.apache.velocity.runtime.directive.Macro
2020-01-19 12:04:13,972 - Loaded System Directive: org.apache.velocity.runtime.directive.Parse
2020-01-19 12:04:13,973 - Loaded System Directive: org.apache.velocity.runtime.directive.Include
2020-01-19 12:04:13,973 - Loaded System Directive: org.apache.velocity.runtime.directive.Foreach
2020-01-19 12:04:13,994 - Created '20' parsers.
2020-01-19 12:04:13,998 - Velocimacro : "velocimacro.library" is not set.  Trying default library: VM_global_library.vm
2020-01-19 12:04:13,999 - Could not load resource 'VM_global_library.vm' from ResourceLoader org.apache.velocity.runtime.resource.loader.ClasspathResourceLoader: ClasspathResourceLoader Error: cannot find resource VM_global_library.vm
2020-01-19 12:04:13,999 - Velocimacro : Default library not found.
2020-01-19 12:04:13,999 - Velocimacro : allowInline = true : VMs can be defined inline in templates
2020-01-19 12:04:13,999 - Velocimacro : allowInlineToOverride = false : VMs defined inline may NOT replace previous VM definitions
2020-01-19 12:04:13,999 - Velocimacro : allowInlineLocal = false : VMs defined inline will be global in scope if allowed.
2020-01-19 12:04:13,999 - Velocimacro : autoload off : VM system will not automatically reload global library macros
2020-01-19 12:04:14,016 - ResourceManager : found /templates/entity.java.vm with loader org.apache.velocity.runtime.resource.loader.ClasspathResourceLoader
2020-01-19 12:04:14,027 - Left side (${versionFieldName}) of '==' operation has null value. If it is a reference, it may not be in the context or its toString() returned null. /templates/entity.java.vm[line 76, column 26]
2020-01-19 12:04:14,027 - Left side (${logicDeleteFieldName}) of '==' operation has null value. If it is a reference, it may not be in the context or its toString() returned null. /templates/entity.java.vm[line 80, column 30]
2020-01-19 12:04:14,027 - Left side (${versionFieldName}) of '==' operation has null value. If it is a reference, it may not be in the context or its toString() returned null. /templates/entity.java.vm[line 76, column 26]
2020-01-19 12:04:14,027 - Left side (${logicDeleteFieldName}) of '==' operation has null value. If it is a reference, it may not be in the context or its toString() returned null. /templates/entity.java.vm[line 80, column 30]
2020-01-19 12:04:14,027 - Left side (${versionFieldName}) of '==' operation has null value. If it is a reference, it may not be in the context or its toString() returned null. /templates/entity.java.vm[line 76, column 26]
2020-01-19 12:04:14,027 - Left side (${logicDeleteFieldName}) of '==' operation has null value. If it is a reference, it may not be in the context or its toString() returned null. /templates/entity.java.vm[line 80, column 30]
2020-01-19 12:04:14,027 - Left side (${versionFieldName}) of '==' operation has null value. If it is a reference, it may not be in the context or its toString() returned null. /templates/entity.java.vm[line 76, column 26]
2020-01-19 12:04:14,027 - Left side (${logicDeleteFieldName}) of '==' operation has null value. If it is a reference, it may not be in the context or its toString() returned null. /templates/entity.java.vm[line 80, column 30]
2020-01-19 12:04:14,027 - Left side (${versionFieldName}) of '==' operation has null value. If it is a reference, it may not be in the context or its toString() returned null. /templates/entity.java.vm[line 76, column 26]
2020-01-19 12:04:14,027 - Left side (${logicDeleteFieldName}) of '==' operation has null value. If it is a reference, it may not be in the context or its toString() returned null. /templates/entity.java.vm[line 80, column 30]
2020-01-19 12:04:14,029 - Left side (${versionFieldName}) of '==' operation has null value. If it is a reference, it may not be in the context or its toString() returned null. /templates/entity.java.vm[line 76, column 26]
2020-01-19 12:04:14,029 - Left side (${logicDeleteFieldName}) of '==' operation has null value. If it is a reference, it may not be in the context or its toString() returned null. /templates/entity.java.vm[line 80, column 30]
2020-01-19 12:04:14,029 - Left side (${versionFieldName}) of '==' operation has null value. If it is a reference, it may not be in the context or its toString() returned null. /templates/entity.java.vm[line 76, column 26]
2020-01-19 12:04:14,029 - Left side (${logicDeleteFieldName}) of '==' operation has null value. If it is a reference, it may not be in the context or its toString() returned null. /templates/entity.java.vm[line 80, column 30]
2020-01-19 12:04:14,030 - Left side (${versionFieldName}) of '==' operation has null value. If it is a reference, it may not be in the context or its toString() returned null. /templates/entity.java.vm[line 76, column 26]
2020-01-19 12:04:14,030 - Left side (${logicDeleteFieldName}) of '==' operation has null value. If it is a reference, it may not be in the context or its toString() returned null. /templates/entity.java.vm[line 80, column 30]
2020-01-19 12:04:14,030 - Left side (${versionFieldName}) of '==' operation has null value. If it is a reference, it may not be in the context or its toString() returned null. /templates/entity.java.vm[line 76, column 26]
2020-01-19 12:04:14,030 - Left side (${logicDeleteFieldName}) of '==' operation has null value. If it is a reference, it may not be in the context or its toString() returned null. /templates/entity.java.vm[line 80, column 30]
2020-01-19 12:04:14,030 - Left side (${versionFieldName}) of '==' operation has null value. If it is a reference, it may not be in the context or its toString() returned null. /templates/entity.java.vm[line 76, column 26]
2020-01-19 12:04:14,030 - Left side (${logicDeleteFieldName}) of '==' operation has null value. If it is a reference, it may not be in the context or its toString() returned null. /templates/entity.java.vm[line 80, column 30]
2020-01-19 12:04:14,031 - Left side (${versionFieldName}) of '==' operation has null value. If it is a reference, it may not be in the context or its toString() returned null. /templates/entity.java.vm[line 76, column 26]
2020-01-19 12:04:14,031 - Left side (${logicDeleteFieldName}) of '==' operation has null value. If it is a reference, it may not be in the context or its toString() returned null. /templates/entity.java.vm[line 80, column 30]
2020-01-19 12:04:14,044 - ResourceManager : found /templates/mapper.java.vm with loader org.apache.velocity.runtime.resource.loader.ClasspathResourceLoader
2020-01-19 12:04:14,051 - ResourceManager : found /templates/mapper.xml.vm with loader org.apache.velocity.runtime.resource.loader.ClasspathResourceLoader
2020-01-19 12:04:14,059 - ResourceManager : found /templates/service.java.vm with loader org.apache.velocity.runtime.resource.loader.ClasspathResourceLoader
2020-01-19 12:04:14,067 - ResourceManager : found /templates/serviceImpl.java.vm with loader org.apache.velocity.runtime.resource.loader.ClasspathResourceLoader
2020-01-19 12:04:14,073 - ResourceManager : found /templates/controller.java.vm with loader org.apache.velocity.runtime.resource.loader.ClasspathResourceLoader
2020-01-19 12:04:14,080 - ResourceManager : found /templates/mapper.xml.vm with loader org.apache.velocity.runtime.resource.loader.ClasspathResourceLoader
2020-01-19 12:12:02,674 - Log4JLogChute initialized using file 'velocity.log'
2020-01-19 12:12:02,674 - Initializing Velocity, Calling init()...
2020-01-19 12:12:02,674 - Starting Apache Velocity v1.7 (compiled: 2010-11-19 12:14:37)
2020-01-19 12:12:02,674 - Default Properties File: org\apache\velocity\runtime\defaults\velocity.properties
2020-01-19 12:12:02,674 - Trying to use logger class org.apache.velocity.runtime.log.AvalonLogChute
2020-01-19 12:12:02,674 - Target log system for org.apache.velocity.runtime.log.AvalonLogChute is not available (java.lang.NoClassDefFoundError: org/apache/log/format/Formatter).  Falling back to next log system...
2020-01-19 12:12:02,674 - Trying to use logger class org.apache.velocity.runtime.log.Log4JLogChute
2020-01-19 12:12:02,674 - Using logger class org.apache.velocity.runtime.log.Log4JLogChute
2020-01-19 12:12:02,677 - ResourceLoader instantiated: org.apache.velocity.runtime.resource.loader.ClasspathResourceLoader
2020-01-19 12:12:02,689 - ResourceCache: initialized (class org.apache.velocity.runtime.resource.ResourceCacheImpl) with class java.util.Collections$SynchronizedMap cache map.
2020-01-19 12:12:02,689 - Loaded System Directive: org.apache.velocity.runtime.directive.Stop
2020-01-19 12:12:02,690 - Loaded System Directive: org.apache.velocity.runtime.directive.Define
2020-01-19 12:12:02,690 - Loaded System Directive: org.apache.velocity.runtime.directive.Break
2020-01-19 12:12:02,692 - Loaded System Directive: org.apache.velocity.runtime.directive.Evaluate
2020-01-19 12:12:02,692 - Loaded System Directive: org.apache.velocity.runtime.directive.Literal
2020-01-19 12:12:02,692 - Loaded System Directive: org.apache.velocity.runtime.directive.Macro
2020-01-19 12:12:02,693 - Loaded System Directive: org.apache.velocity.runtime.directive.Parse
2020-01-19 12:12:02,695 - Loaded System Directive: org.apache.velocity.runtime.directive.Include
2020-01-19 12:12:02,695 - Loaded System Directive: org.apache.velocity.runtime.directive.Foreach
2020-01-19 12:12:02,716 - Created '20' parsers.
2020-01-19 12:12:02,721 - Velocimacro : "velocimacro.library" is not set.  Trying default library: VM_global_library.vm
2020-01-19 12:12:02,722 - Could not load resource 'VM_global_library.vm' from ResourceLoader org.apache.velocity.runtime.resource.loader.ClasspathResourceLoader: ClasspathResourceLoader Error: cannot find resource VM_global_library.vm
2020-01-19 12:12:02,722 - Velocimacro : Default library not found.
2020-01-19 12:12:02,722 - Velocimacro : allowInline = true : VMs can be defined inline in templates
2020-01-19 12:12:02,722 - Velocimacro : allowInlineToOverride = false : VMs defined inline may NOT replace previous VM definitions
2020-01-19 12:12:02,722 - Velocimacro : allowInlineLocal = false : VMs defined inline will be global in scope if allowed.
2020-01-19 12:12:02,722 - Velocimacro : autoload off : VM system will not automatically reload global library macros
2020-01-19 12:12:02,744 - ResourceManager : found /templates/entity.java.vm with loader org.apache.velocity.runtime.resource.loader.ClasspathResourceLoader
2020-01-19 12:12:02,755 - Left side (${versionFieldName}) of '==' operation has null value. If it is a reference, it may not be in the context or its toString() returned null. /templates/entity.java.vm[line 76, column 26]
2020-01-19 12:12:02,755 - Left side (${logicDeleteFieldName}) of '==' operation has null value. If it is a reference, it may not be in the context or its toString() returned null. /templates/entity.java.vm[line 80, column 30]
2020-01-19 12:12:02,755 - Left side (${versionFieldName}) of '==' operation has null value. If it is a reference, it may not be in the context or its toString() returned null. /templates/entity.java.vm[line 76, column 26]
2020-01-19 12:12:02,755 - Left side (${logicDeleteFieldName}) of '==' operation has null value. If it is a reference, it may not be in the context or its toString() returned null. /templates/entity.java.vm[line 80, column 30]
2020-01-19 12:12:02,755 - Left side (${versionFieldName}) of '==' operation has null value. If it is a reference, it may not be in the context or its toString() returned null. /templates/entity.java.vm[line 76, column 26]
2020-01-19 12:12:02,755 - Left side (${logicDeleteFieldName}) of '==' operation has null value. If it is a reference, it may not be in the context or its toString() returned null. /templates/entity.java.vm[line 80, column 30]
2020-01-19 12:12:02,755 - Left side (${versionFieldName}) of '==' operation has null value. If it is a reference, it may not be in the context or its toString() returned null. /templates/entity.java.vm[line 76, column 26]
2020-01-19 12:12:02,755 - Left side (${logicDeleteFieldName}) of '==' operation has null value. If it is a reference, it may not be in the context or its toString() returned null. /templates/entity.java.vm[line 80, column 30]
2020-01-19 12:12:02,755 - Left side (${versionFieldName}) of '==' operation has null value. If it is a reference, it may not be in the context or its toString() returned null. /templates/entity.java.vm[line 76, column 26]
2020-01-19 12:12:02,755 - Left side (${logicDeleteFieldName}) of '==' operation has null value. If it is a reference, it may not be in the context or its toString() returned null. /templates/entity.java.vm[line 80, column 30]
2020-01-19 12:12:02,757 - Left side (${versionFieldName}) of '==' operation has null value. If it is a reference, it may not be in the context or its toString() returned null. /templates/entity.java.vm[line 76, column 26]
2020-01-19 12:12:02,757 - Left side (${logicDeleteFieldName}) of '==' operation has null value. If it is a reference, it may not be in the context or its toString() returned null. /templates/entity.java.vm[line 80, column 30]
2020-01-19 12:12:02,758 - Left side (${versionFieldName}) of '==' operation has null value. If it is a reference, it may not be in the context or its toString() returned null. /templates/entity.java.vm[line 76, column 26]
2020-01-19 12:12:02,758 - Left side (${logicDeleteFieldName}) of '==' operation has null value. If it is a reference, it may not be in the context or its toString() returned null. /templates/entity.java.vm[line 80, column 30]
2020-01-19 12:12:02,758 - Left side (${versionFieldName}) of '==' operation has null value. If it is a reference, it may not be in the context or its toString() returned null. /templates/entity.java.vm[line 76, column 26]
2020-01-19 12:12:02,758 - Left side (${logicDeleteFieldName}) of '==' operation has null value. If it is a reference, it may not be in the context or its toString() returned null. /templates/entity.java.vm[line 80, column 30]
2020-01-19 12:12:02,758 - Left side (${versionFieldName}) of '==' operation has null value. If it is a reference, it may not be in the context or its toString() returned null. /templates/entity.java.vm[line 76, column 26]
2020-01-19 12:12:02,758 - Left side (${logicDeleteFieldName}) of '==' operation has null value. If it is a reference, it may not be in the context or its toString() returned null. /templates/entity.java.vm[line 80, column 30]
2020-01-19 12:12:02,759 - Left side (${versionFieldName}) of '==' operation has null value. If it is a reference, it may not be in the context or its toString() returned null. /templates/entity.java.vm[line 76, column 26]
2020-01-19 12:12:02,759 - Left side (${logicDeleteFieldName}) of '==' operation has null value. If it is a reference, it may not be in the context or its toString() returned null. /templates/entity.java.vm[line 80, column 30]
2020-01-19 12:12:02,759 - Left side (${versionFieldName}) of '==' operation has null value. If it is a reference, it may not be in the context or its toString() returned null. /templates/entity.java.vm[line 76, column 26]
2020-01-19 12:12:02,759 - Left side (${logicDeleteFieldName}) of '==' operation has null value. If it is a reference, it may not be in the context or its toString() returned null. /templates/entity.java.vm[line 80, column 30]
2020-01-19 12:12:02,769 - ResourceManager : found /templates/mapper.java.vm with loader org.apache.velocity.runtime.resource.loader.ClasspathResourceLoader
2020-01-19 12:12:02,777 - ResourceManager : found /templates/mapper.xml.vm with loader org.apache.velocity.runtime.resource.loader.ClasspathResourceLoader
2020-01-19 12:12:02,781 - ResourceManager : found /templates/service.java.vm with loader org.apache.velocity.runtime.resource.loader.ClasspathResourceLoader
2020-01-19 12:12:02,785 - ResourceManager : found /templates/serviceImpl.java.vm with loader org.apache.velocity.runtime.resource.loader.ClasspathResourceLoader
2020-01-19 12:12:02,788 - ResourceManager : found /templates/controller.java.vm with loader org.apache.velocity.runtime.resource.loader.ClasspathResourceLoader
2020-01-19 12:14:22,502 - Log4JLogChute initialized using file 'velocity.log'
2020-01-19 12:14:22,503 - Initializing Velocity, Calling init()...
2020-01-19 12:14:22,503 - Starting Apache Velocity v1.7 (compiled: 2010-11-19 12:14:37)
2020-01-19 12:14:22,503 - Default Properties File: org\apache\velocity\runtime\defaults\velocity.properties
2020-01-19 12:14:22,503 - Trying to use logger class org.apache.velocity.runtime.log.AvalonLogChute
2020-01-19 12:14:22,503 - Target log system for org.apache.velocity.runtime.log.AvalonLogChute is not available (java.lang.NoClassDefFoundError: org/apache/log/format/Formatter).  Falling back to next log system...
2020-01-19 12:14:22,503 - Trying to use logger class org.apache.velocity.runtime.log.Log4JLogChute
2020-01-19 12:14:22,503 - Using logger class org.apache.velocity.runtime.log.Log4JLogChute
2020-01-19 12:14:22,507 - ResourceLoader instantiated: org.apache.velocity.runtime.resource.loader.ClasspathResourceLoader
2020-01-19 12:14:22,517 - ResourceCache: initialized (class org.apache.velocity.runtime.resource.ResourceCacheImpl) with class java.util.Collections$SynchronizedMap cache map.
2020-01-19 12:14:22,519 - Loaded System Directive: org.apache.velocity.runtime.directive.Stop
2020-01-19 12:14:22,520 - Loaded System Directive: org.apache.velocity.runtime.directive.Define
2020-01-19 12:14:22,520 - Loaded System Directive: org.apache.velocity.runtime.directive.Break
2020-01-19 12:14:22,521 - Loaded System Directive: org.apache.velocity.runtime.directive.Evaluate
2020-01-19 12:14:22,521 - Loaded System Directive: org.apache.velocity.runtime.directive.Literal
2020-01-19 12:14:22,522 - Loaded System Directive: org.apache.velocity.runtime.directive.Macro
2020-01-19 12:14:22,523 - Loaded System Directive: org.apache.velocity.runtime.directive.Parse
2020-01-19 12:14:22,524 - Loaded System Directive: org.apache.velocity.runtime.directive.Include
2020-01-19 12:14:22,524 - Loaded System Directive: org.apache.velocity.runtime.directive.Foreach
2020-01-19 12:14:22,545 - Created '20' parsers.
2020-01-19 12:14:22,550 - Velocimacro : "velocimacro.library" is not set.  Trying default library: VM_global_library.vm
2020-01-19 12:14:22,550 - Could not load resource 'VM_global_library.vm' from ResourceLoader org.apache.velocity.runtime.resource.loader.ClasspathResourceLoader: ClasspathResourceLoader Error: cannot find resource VM_global_library.vm
2020-01-19 12:14:22,550 - Velocimacro : Default library not found.
2020-01-19 12:14:22,550 - Velocimacro : allowInline = true : VMs can be defined inline in templates
2020-01-19 12:14:22,550 - Velocimacro : allowInlineToOverride = false : VMs defined inline may NOT replace previous VM definitions
2020-01-19 12:14:22,550 - Velocimacro : allowInlineLocal = false : VMs defined inline will be global in scope if allowed.
2020-01-19 12:14:22,550 - Velocimacro : autoload off : VM system will not automatically reload global library macros
2020-01-19 12:14:22,572 - ResourceManager : found /templates/entity.java.vm with loader org.apache.velocity.runtime.resource.loader.ClasspathResourceLoader
2020-01-19 12:14:22,581 - Left side (${versionFieldName}) of '==' operation has null value. If it is a reference, it may not be in the context or its toString() returned null. /templates/entity.java.vm[line 76, column 26]
2020-01-19 12:14:22,581 - Left side (${logicDeleteFieldName}) of '==' operation has null value. If it is a reference, it may not be in the context or its toString() returned null. /templates/entity.java.vm[line 80, column 30]
2020-01-19 12:14:22,581 - Left side (${versionFieldName}) of '==' operation has null value. If it is a reference, it may not be in the context or its toString() returned null. /templates/entity.java.vm[line 76, column 26]
2020-01-19 12:14:22,581 - Left side (${logicDeleteFieldName}) of '==' operation has null value. If it is a reference, it may not be in the context or its toString() returned null. /templates/entity.java.vm[line 80, column 30]
2020-01-19 12:14:22,581 - Left side (${versionFieldName}) of '==' operation has null value. If it is a reference, it may not be in the context or its toString() returned null. /templates/entity.java.vm[line 76, column 26]
2020-01-19 12:14:22,581 - Left side (${logicDeleteFieldName}) of '==' operation has null value. If it is a reference, it may not be in the context or its toString() returned null. /templates/entity.java.vm[line 80, column 30]
2020-01-19 12:14:22,581 - Left side (${versionFieldName}) of '==' operation has null value. If it is a reference, it may not be in the context or its toString() returned null. /templates/entity.java.vm[line 76, column 26]
2020-01-19 12:14:22,581 - Left side (${logicDeleteFieldName}) of '==' operation has null value. If it is a reference, it may not be in the context or its toString() returned null. /templates/entity.java.vm[line 80, column 30]
2020-01-19 12:14:22,581 - Left side (${versionFieldName}) of '==' operation has null value. If it is a reference, it may not be in the context or its toString() returned null. /templates/entity.java.vm[line 76, column 26]
2020-01-19 12:14:22,581 - Left side (${logicDeleteFieldName}) of '==' operation has null value. If it is a reference, it may not be in the context or its toString() returned null. /templates/entity.java.vm[line 80, column 30]
2020-01-19 12:14:22,583 - Left side (${versionFieldName}) of '==' operation has null value. If it is a reference, it may not be in the context or its toString() returned null. /templates/entity.java.vm[line 76, column 26]
2020-01-19 12:14:22,583 - Left side (${logicDeleteFieldName}) of '==' operation has null value. If it is a reference, it may not be in the context or its toString() returned null. /templates/entity.java.vm[line 80, column 30]
2020-01-19 12:14:22,583 - Left side (${versionFieldName}) of '==' operation has null value. If it is a reference, it may not be in the context or its toString() returned null. /templates/entity.java.vm[line 76, column 26]
2020-01-19 12:14:22,583 - Left side (${logicDeleteFieldName}) of '==' operation has null value. If it is a reference, it may not be in the context or its toString() returned null. /templates/entity.java.vm[line 80, column 30]
2020-01-19 12:14:22,584 - Left side (${versionFieldName}) of '==' operation has null value. If it is a reference, it may not be in the context or its toString() returned null. /templates/entity.java.vm[line 76, column 26]
2020-01-19 12:14:22,584 - Left side (${logicDeleteFieldName}) of '==' operation has null value. If it is a reference, it may not be in the context or its toString() returned null. /templates/entity.java.vm[line 80, column 30]
2020-01-19 12:14:22,584 - Left side (${versionFieldName}) of '==' operation has null value. If it is a reference, it may not be in the context or its toString() returned null. /templates/entity.java.vm[line 76, column 26]
2020-01-19 12:14:22,584 - Left side (${logicDeleteFieldName}) of '==' operation has null value. If it is a reference, it may not be in the context or its toString() returned null. /templates/entity.java.vm[line 80, column 30]
2020-01-19 12:14:22,584 - Left side (${versionFieldName}) of '==' operation has null value. If it is a reference, it may not be in the context or its toString() returned null. /templates/entity.java.vm[line 76, column 26]
2020-01-19 12:14:22,584 - Left side (${logicDeleteFieldName}) of '==' operation has null value. If it is a reference, it may not be in the context or its toString() returned null. /templates/entity.java.vm[line 80, column 30]
2020-01-19 12:14:22,584 - Left side (${versionFieldName}) of '==' operation has null value. If it is a reference, it may not be in the context or its toString() returned null. /templates/entity.java.vm[line 76, column 26]
2020-01-19 12:14:22,584 - Left side (${logicDeleteFieldName}) of '==' operation has null value. If it is a reference, it may not be in the context or its toString() returned null. /templates/entity.java.vm[line 80, column 30]
2020-01-19 12:14:22,597 - ResourceManager : found /templates/mapper.java.vm with loader org.apache.velocity.runtime.resource.loader.ClasspathResourceLoader
2020-01-19 12:14:22,605 - ResourceManager : found /templates/mapper.xml.vm with loader org.apache.velocity.runtime.resource.loader.ClasspathResourceLoader
2020-01-19 12:14:22,613 - ResourceManager : found /templates/service.java.vm with loader org.apache.velocity.runtime.resource.loader.ClasspathResourceLoader
2020-01-19 12:14:22,620 - ResourceManager : found /templates/serviceImpl.java.vm with loader org.apache.velocity.runtime.resource.loader.ClasspathResourceLoader
2020-01-19 12:14:22,627 - ResourceManager : found /templates/controller.java.vm with loader org.apache.velocity.runtime.resource.loader.ClasspathResourceLoader
2020-02-27 17:14:45,263 - Log4JLogChute initialized using file 'velocity.log'
2020-02-27 17:14:45,270 - Initializing Velocity, Calling init()...
2020-02-27 17:14:45,270 - Starting Apache Velocity v1.7 (compiled: 2010-11-19 12:14:37)
2020-02-27 17:14:45,270 - Default Properties File: org\apache\velocity\runtime\defaults\velocity.properties
2020-02-27 17:14:45,270 - Trying to use logger class org.apache.velocity.runtime.log.AvalonLogChute
2020-02-27 17:14:45,270 - Target log system for org.apache.velocity.runtime.log.AvalonLogChute is not available (java.lang.NoClassDefFoundError: org/apache/log/format/Formatter).  Falling back to next log system...
2020-02-27 17:14:45,270 - Trying to use logger class org.apache.velocity.runtime.log.Log4JLogChute
2020-02-27 17:14:45,270 - Using logger class org.apache.velocity.runtime.log.Log4JLogChute
2020-02-27 17:14:45,275 - ResourceLoader instantiated: org.apache.velocity.runtime.resource.loader.ClasspathResourceLoader
2020-02-27 17:14:45,284 - ResourceCache: initialized (class org.apache.velocity.runtime.resource.ResourceCacheImpl) with class java.util.Collections$SynchronizedMap cache map.
2020-02-27 17:14:45,285 - Loaded System Directive: org.apache.velocity.runtime.directive.Stop
2020-02-27 17:14:45,286 - Loaded System Directive: org.apache.velocity.runtime.directive.Define
2020-02-27 17:14:45,286 - Loaded System Directive: org.apache.velocity.runtime.directive.Break
2020-02-27 17:14:45,287 - Loaded System Directive: org.apache.velocity.runtime.directive.Evaluate
2020-02-27 17:14:45,288 - Loaded System Directive: org.apache.velocity.runtime.directive.Literal
2020-02-27 17:14:45,289 - Loaded System Directive: org.apache.velocity.runtime.directive.Macro
2020-02-27 17:14:45,290 - Loaded System Directive: org.apache.velocity.runtime.directive.Parse
2020-02-27 17:14:45,292 - Loaded System Directive: org.apache.velocity.runtime.directive.Include
2020-02-27 17:14:45,304 - Loaded System Directive: org.apache.velocity.runtime.directive.Foreach
2020-02-27 17:14:45,335 - Created '20' parsers.
2020-02-27 17:14:45,341 - Velocimacro : "velocimacro.library" is not set.  Trying default library: VM_global_library.vm
2020-02-27 17:14:45,341 - Could not load resource 'VM_global_library.vm' from ResourceLoader org.apache.velocity.runtime.resource.loader.ClasspathResourceLoader: ClasspathResourceLoader Error: cannot find resource VM_global_library.vm
2020-02-27 17:14:45,341 - Velocimacro : Default library not found.
2020-02-27 17:14:45,342 - Velocimacro : allowInline = true : VMs can be defined inline in templates
2020-02-27 17:14:45,342 - Velocimacro : allowInlineToOverride = false : VMs defined inline may NOT replace previous VM definitions
2020-02-27 17:14:45,342 - Velocimacro : allowInlineLocal = false : VMs defined inline will be global in scope if allowed.
2020-02-27 17:14:45,342 - Velocimacro : autoload off : VM system will not automatically reload global library macros
2020-02-27 17:14:45,366 - ResourceManager : found /templates/entity.java.vm with loader org.apache.velocity.runtime.resource.loader.ClasspathResourceLoader
2020-02-27 17:14:45,394 - Left side (${versionFieldName}) of '==' operation has null value. If it is a reference, it may not be in the context or its toString() returned null. /templates/entity.java.vm[line 76, column 26]
2020-02-27 17:14:45,394 - Left side (${logicDeleteFieldName}) of '==' operation has null value. If it is a reference, it may not be in the context or its toString() returned null. /templates/entity.java.vm[line 80, column 30]
2020-02-27 17:14:45,394 - Left side (${versionFieldName}) of '==' operation has null value. If it is a reference, it may not be in the context or its toString() returned null. /templates/entity.java.vm[line 76, column 26]
2020-02-27 17:14:45,394 - Left side (${logicDeleteFieldName}) of '==' operation has null value. If it is a reference, it may not be in the context or its toString() returned null. /templates/entity.java.vm[line 80, column 30]
2020-02-27 17:14:45,394 - Left side (${versionFieldName}) of '==' operation has null value. If it is a reference, it may not be in the context or its toString() returned null. /templates/entity.java.vm[line 76, column 26]
2020-02-27 17:14:45,394 - Left side (${logicDeleteFieldName}) of '==' operation has null value. If it is a reference, it may not be in the context or its toString() returned null. /templates/entity.java.vm[line 80, column 30]
2020-02-27 17:14:45,395 - Left side (${versionFieldName}) of '==' operation has null value. If it is a reference, it may not be in the context or its toString() returned null. /templates/entity.java.vm[line 76, column 26]
2020-02-27 17:14:45,395 - Left side (${logicDeleteFieldName}) of '==' operation has null value. If it is a reference, it may not be in the context or its toString() returned null. /templates/entity.java.vm[line 80, column 30]
2020-02-27 17:14:45,411 - ResourceManager : found /templates/mapper.java.vm with loader org.apache.velocity.runtime.resource.loader.ClasspathResourceLoader
2020-02-27 17:14:45,419 - ResourceManager : found /templates/mapper.xml.vm with loader org.apache.velocity.runtime.resource.loader.ClasspathResourceLoader
2020-02-27 17:14:45,427 - ResourceManager : found /templates/service.java.vm with loader org.apache.velocity.runtime.resource.loader.ClasspathResourceLoader
2020-02-27 17:14:45,436 - ResourceManager : found /templates/serviceImpl.java.vm with loader org.apache.velocity.runtime.resource.loader.ClasspathResourceLoader
2020-02-27 17:14:45,445 - ResourceManager : found /templates/controller.java.vm with loader org.apache.velocity.runtime.resource.loader.ClasspathResourceLoader
2020-02-27 17:14:45,465 - ResourceManager : found /templates/mapper.xml.vm with loader org.apache.velocity.runtime.resource.loader.ClasspathResourceLoader
2020-02-27 17:26:39,900 - Log4JLogChute initialized using file 'velocity.log'
2020-02-27 17:26:39,901 - Initializing Velocity, Calling init()...
2020-02-27 17:26:39,901 - Starting Apache Velocity v1.7 (compiled: 2010-11-19 12:14:37)
2020-02-27 17:26:39,901 - Default Properties File: org\apache\velocity\runtime\defaults\velocity.properties
2020-02-27 17:26:39,901 - Trying to use logger class org.apache.velocity.runtime.log.AvalonLogChute
2020-02-27 17:26:39,901 - Target log system for org.apache.velocity.runtime.log.AvalonLogChute is not available (java.lang.NoClassDefFoundError: org/apache/log/format/Formatter).  Falling back to next log system...
2020-02-27 17:26:39,901 - Trying to use logger class org.apache.velocity.runtime.log.Log4JLogChute
2020-02-27 17:26:39,901 - Using logger class org.apache.velocity.runtime.log.Log4JLogChute
2020-02-27 17:26:39,905 - ResourceLoader instantiated: org.apache.velocity.runtime.resource.loader.ClasspathResourceLoader
2020-02-27 17:26:39,914 - ResourceCache: initialized (class org.apache.velocity.runtime.resource.ResourceCacheImpl) with class java.util.Collections$SynchronizedMap cache map.
2020-02-27 17:26:39,915 - Loaded System Directive: org.apache.velocity.runtime.directive.Stop
2020-02-27 17:26:39,916 - Loaded System Directive: org.apache.velocity.runtime.directive.Define
2020-02-27 17:26:39,917 - Loaded System Directive: org.apache.velocity.runtime.directive.Break
2020-02-27 17:26:39,918 - Loaded System Directive: org.apache.velocity.runtime.directive.Evaluate
2020-02-27 17:26:39,919 - Loaded System Directive: org.apache.velocity.runtime.directive.Literal
2020-02-27 17:26:39,921 - Loaded System Directive: org.apache.velocity.runtime.directive.Macro
2020-02-27 17:26:39,922 - Loaded System Directive: org.apache.velocity.runtime.directive.Parse
2020-02-27 17:26:39,923 - Loaded System Directive: org.apache.velocity.runtime.directive.Include
2020-02-27 17:26:39,924 - Loaded System Directive: org.apache.velocity.runtime.directive.Foreach
2020-02-27 17:26:39,950 - Created '20' parsers.
2020-02-27 17:26:39,956 - Velocimacro : "velocimacro.library" is not set.  Trying default library: VM_global_library.vm
2020-02-27 17:26:39,956 - Could not load resource 'VM_global_library.vm' from ResourceLoader org.apache.velocity.runtime.resource.loader.ClasspathResourceLoader: ClasspathResourceLoader Error: cannot find resource VM_global_library.vm
2020-02-27 17:26:39,956 - Velocimacro : Default library not found.
2020-02-27 17:26:39,956 - Velocimacro : allowInline = true : VMs can be defined inline in templates
2020-02-27 17:26:39,956 - Velocimacro : allowInlineToOverride = false : VMs defined inline may NOT replace previous VM definitions
2020-02-27 17:26:39,956 - Velocimacro : allowInlineLocal = false : VMs defined inline will be global in scope if allowed.
2020-02-27 17:26:39,956 - Velocimacro : autoload off : VM system will not automatically reload global library macros
2020-02-27 17:26:39,984 - ResourceManager : found /templates/entity.java.vm with loader org.apache.velocity.runtime.resource.loader.ClasspathResourceLoader
2020-02-27 17:26:39,993 - Left side (${versionFieldName}) of '==' operation has null value. If it is a reference, it may not be in the context or its toString() returned null. /templates/entity.java.vm[line 76, column 26]
2020-02-27 17:26:39,993 - Left side (${logicDeleteFieldName}) of '==' operation has null value. If it is a reference, it may not be in the context or its toString() returned null. /templates/entity.java.vm[line 80, column 30]
2020-02-27 17:26:39,994 - Left side (${versionFieldName}) of '==' operation has null value. If it is a reference, it may not be in the context or its toString() returned null. /templates/entity.java.vm[line 76, column 26]
2020-02-27 17:26:39,994 - Left side (${logicDeleteFieldName}) of '==' operation has null value. If it is a reference, it may not be in the context or its toString() returned null. /templates/entity.java.vm[line 80, column 30]
2020-02-27 17:26:39,994 - Left side (${versionFieldName}) of '==' operation has null value. If it is a reference, it may not be in the context or its toString() returned null. /templates/entity.java.vm[line 76, column 26]
2020-02-27 17:26:39,994 - Left side (${logicDeleteFieldName}) of '==' operation has null value. If it is a reference, it may not be in the context or its toString() returned null. /templates/entity.java.vm[line 80, column 30]
2020-02-27 17:26:39,994 - Left side (${versionFieldName}) of '==' operation has null value. If it is a reference, it may not be in the context or its toString() returned null. /templates/entity.java.vm[line 76, column 26]
2020-02-27 17:26:39,994 - Left side (${logicDeleteFieldName}) of '==' operation has null value. If it is a reference, it may not be in the context or its toString() returned null. /templates/entity.java.vm[line 80, column 30]
2020-02-27 17:26:40,012 - ResourceManager : found /templates/mapper.java.vm with loader org.apache.velocity.runtime.resource.loader.ClasspathResourceLoader
2020-02-27 17:26:40,122 - ResourceManager : found /templates/mapper.xml.vm with loader org.apache.velocity.runtime.resource.loader.ClasspathResourceLoader
2020-02-27 17:26:40,128 - ResourceManager : found /templates/service.java.vm with loader org.apache.velocity.runtime.resource.loader.ClasspathResourceLoader
2020-02-27 17:26:40,134 - ResourceManager : found /templates/serviceImpl.java.vm with loader org.apache.velocity.runtime.resource.loader.ClasspathResourceLoader
2020-02-27 17:26:40,139 - ResourceManager : found /templates/controller.java.vm with loader org.apache.velocity.runtime.resource.loader.ClasspathResourceLoader
